
> application-site@0.1.0 prebuild
> npm run check-env


> application-site@0.1.0 check-env
> node scripts/check-env.js

ðŸ” Environment Variables Check
================================

ðŸ“‹ Required Environment Variables:
âœ… AWS_REGION: ap-northeast-2
âœ… DYNAMODB_TABLE_NAME: product
âœ… NEXT_PUBLIC_CONTROL_PLANE_URL: https://5qlvawv3j3.execute-api.ap-northeast-2.amaz...
âœ… NEXT_PUBLIC_API_URL: https://023johxt48.execute-api.ap-northeast-2.amaz...
âœ… NEXT_PUBLIC_DOMAIN: main.d5ub1n0zyzcoi.amplifyapp.com

ðŸ“‹ Optional Environment Variables:
âœ… NEXT_PUBLIC_USING_CUSTOM_DOMAIN: false
âœ… NEXT_PUBLIC_APP_NAME: SaaS Application Portal
âœ… NEXT_PUBLIC_APP_VERSION: 1.0.0

ðŸ” AWS Credentials Check:
âš ï¸  AWS credentials: Using IAM role (recommended for EC2)
âœ… AWS region: ap-northeast-2

ðŸŸ¢ Node.js Environment:
âœ… Node.js version: v20.19.2
âœ… NODE_ENV: development
âœ… Memory usage: 4MB / 4MB

================================
âœ… Environment check PASSED
All required environment variables are set.

> application-site@0.1.0 build
> next build

 âš  Invalid next.config.js options detected: 
 âš      Unrecognized key(s) in object: 'serverExternalPackages'
 âš  See more info here: https://nextjs.org/docs/messages/invalid-next-config
  â–² Next.js 14.2.15

   Creating an optimized production build ...
 âœ“ Compiled successfully
   Linting and checking validity of types ...
   Collecting page data ...
   Generating static pages (0/7) ...
   Generating static pages (1/7) 
   Generating static pages (3/7) 
   Generating static pages (5/7) 
 âœ“ Generating static pages (7/7)
   Finalizing page optimization ...
   Collecting build traces ...

Route (app)                                         Size     First Load JS
â”Œ â—‹ /_not-found                                     873 B          88.1 kB
â”œ Æ’ /[locale]                                       3.4 kB          127 kB
â”œ Æ’ /[locale]/[tenantId]/dashboard                  5.27 kB         129 kB
â”œ Æ’ /[locale]/[tenantId]/products                   3.47 kB         127 kB
â”œ Æ’ /[locale]/[tenantId]/products/[productId]/edit  2.67 kB         112 kB
â”œ Æ’ /[locale]/[tenantId]/products/create            2.44 kB         112 kB
â”œ Æ’ /[locale]/auth/callback                         4.33 kB         124 kB
â”œ Æ’ /[locale]/auth/login                            5.35 kB         125 kB
â”œ Æ’ /[locale]/select-tenant                         3.73 kB         109 kB
â”œ Æ’ /api/health                                     0 B                0 B
â”œ Æ’ /api/products                                   0 B                0 B
â”œ Æ’ /api/products/[productId]                       0 B                0 B
â”” Æ’ /api/tenant-config                              0 B                0 B
+ First Load JS shared by all                       87.2 kB
  â”œ chunks/117-0b3dc364cdc9df0d.js                  31.6 kB
  â”œ chunks/fd9d1056-c0235ce0a644fd1e.js             53.6 kB
  â”” other shared chunks (total)                     1.96 kB


Æ’ Middleware                                        37.6 kB

â—‹  (Static)   prerendered as static content
Æ’  (Dynamic)  server-rendered on demand

